Unable to find image 'nextflow/rnatoy@sha256:9ac0345b5851b2b20913cb4e6d469df77cf1232bafcadf8fd929535614a85c75' locally
sha256:9ac0345b5851b2b20913cb4e6d469df77cf1232bafcadf8fd929535614a85c75: Pulling from nextflow/rnatoy
a3ed95caeb02: Already exists
6f30d08062d9: Pulling fs layer
a3ed95caeb02: Pulling fs layer
29ac7d6fde34: Pulling fs layer
5e61605063f5: Pulling fs layer
f9b8be8f20d5: Pulling fs layer
83f5e020a184: Pulling fs layer
91591df77916: Pulling fs layer
92acfbc13fe9: Pulling fs layer
a6d39f628deb: Pulling fs layer
eff42578f2ae: Pulling fs layer
f9b8be8f20d5: Waiting
83f5e020a184: Waiting
91591df77916: Waiting
92acfbc13fe9: Waiting
a6d39f628deb: Waiting
5e61605063f5: Waiting
eff42578f2ae: Waiting
a3ed95caeb02: Verifying Checksum
a3ed95caeb02: Download complete
5e61605063f5: Verifying Checksum
5e61605063f5: Download complete
f9b8be8f20d5: Verifying Checksum
f9b8be8f20d5: Download complete
83f5e020a184: Verifying Checksum
83f5e020a184: Download complete
6f30d08062d9: Verifying Checksum
6f30d08062d9: Download complete
6f30d08062d9: Pull complete
a3ed95caeb02: Pull complete
91591df77916: Verifying Checksum
91591df77916: Download complete
92acfbc13fe9: Verifying Checksum
92acfbc13fe9: Download complete
eff42578f2ae: Download complete
a6d39f628deb: Verifying Checksum
a6d39f628deb: Download complete
29ac7d6fde34: Download complete
29ac7d6fde34: Pull complete
5e61605063f5: Pull complete
f9b8be8f20d5: Pull complete
83f5e020a184: Pull complete
91591df77916: Pull complete
92acfbc13fe9: Pull complete
a6d39f628deb: Pull complete
eff42578f2ae: Pull complete
Digest: sha256:9ac0345b5851b2b20913cb4e6d469df77cf1232bafcadf8fd929535614a85c75
Status: Downloaded newer image for nextflow/rnatoy@sha256:9ac0345b5851b2b20913cb4e6d469df77cf1232bafcadf8fd929535614a85c75
Building a SMALL index
