Mar-21 11:51:01.985 [main] DEBUG nextflow.cli.Launcher - $> nextflow run rnatoy -with-docker
Mar-21 11:51:02.071 [main] INFO  nextflow.cli.CmdRun - N E X T F L O W  ~  version 19.01.0
Mar-21 11:51:02.150 [main] DEBUG nextflow.scm.AssetManager - Listing projects in folder: /home/bedro/.nextflow/assets
Mar-21 11:51:02.161 [main] INFO  nextflow.cli.CmdRun - Pulling nextflow-io/rnatoy ...
Mar-21 11:51:02.162 [main] DEBUG nextflow.scm.RepositoryProvider - Request [credentials -:-] -> https://api.github.com/repos/nextflow-io/rnatoy/contents/nextflow.config
Mar-21 11:51:03.353 [main] DEBUG nextflow.scm.RepositoryProvider - Request [credentials -:-] -> https://api.github.com/repos/nextflow-io/rnatoy/contents/main.nf
Mar-21 11:51:03.679 [main] DEBUG nextflow.scm.RepositoryProvider - Request [credentials -:-] -> https://api.github.com/repos/nextflow-io/rnatoy
Mar-21 11:51:03.846 [main] DEBUG nextflow.scm.AssetManager - Pulling nextflow-io/rnatoy -- Using remote clone url: https://github.com/nextflow-io/rnatoy.git
Mar-21 11:51:05.266 [main] INFO  nextflow.cli.CmdRun -  downloaded from https://github.com/nextflow-io/rnatoy.git
Mar-21 11:51:05.293 [main] DEBUG nextflow.scm.AssetManager - Git config: /home/bedro/.nextflow/assets/nextflow-io/rnatoy/.git/config; branch: master; remote: origin; url: https://github.com/nextflow-io/rnatoy.git
Mar-21 11:51:05.293 [main] INFO  nextflow.cli.CmdRun - Launching `nextflow-io/rnatoy` [compassionate_heisenberg] - revision: bfcee3841f [master]
Mar-21 11:51:05.305 [main] DEBUG nextflow.config.ConfigBuilder - Found config base: /home/bedro/.nextflow/assets/nextflow-io/rnatoy/nextflow.config
Mar-21 11:51:05.306 [main] DEBUG nextflow.config.ConfigBuilder - Parsing config file: /home/bedro/.nextflow/assets/nextflow-io/rnatoy/nextflow.config
Mar-21 11:51:05.311 [main] DEBUG nextflow.config.ConfigBuilder - Applying config profile: `standard`
Mar-21 11:51:05.355 [main] DEBUG nextflow.config.ConfigBuilder - Enabling execution in Docker container as requested by cli option `-with-docker -`
Mar-21 11:51:05.374 [main] DEBUG nextflow.Session - Session uuid: 9e8f3ffa-2564-4251-ba03-d183afc16829
Mar-21 11:51:05.374 [main] DEBUG nextflow.Session - Run name: compassionate_heisenberg
Mar-21 11:51:05.374 [main] DEBUG nextflow.Session - Executor pool size: 4
Mar-21 11:51:05.382 [main] DEBUG nextflow.cli.CmdRun - 
  Version: 19.01.0 build 5050
  Modified: 22-01-2019 11:19 UTC (12:19 CEST)
  System: Linux 4.15.0-46-generic
  Runtime: Groovy 2.5.5 on Java HotSpot(TM) 64-Bit Server VM 1.8.0_201-b09
  Encoding: UTF-8 (UTF-8)
  Process: 12037@Branca18 [127.0.1.1]
  CPUs: 4 - Mem: 7.7 GB (313.4 MB) - Swap: 2 GB (2 GB)
Mar-21 11:51:05.396 [main] DEBUG nextflow.Session - Work-dir: /home/bedro/Documents/Nextflow_test/work [ext2/ext3]
Mar-21 11:51:05.397 [main] DEBUG nextflow.Session - Script base path does not exist or is not a directory: /home/bedro/.nextflow/assets/nextflow-io/rnatoy/bin
Mar-21 11:51:05.493 [main] DEBUG nextflow.Session - Session start invoked
Mar-21 11:51:05.497 [main] DEBUG nextflow.processor.TaskDispatcher - Dispatcher > start
Mar-21 11:51:05.498 [main] DEBUG nextflow.script.ScriptRunner - > Script parsing
Mar-21 11:51:05.654 [main] DEBUG nextflow.script.ScriptRunner - > Launching execution
Mar-21 11:51:05.662 [main] INFO  nextflow.Nextflow - R N A T O Y   P I P E L I N E    
=============================
genome: /home/bedro/.nextflow/assets/nextflow-io/rnatoy/data/ggal/ggal_1_48850000_49020000.Ggal71.500bpflank.fa
annot : /home/bedro/.nextflow/assets/nextflow-io/rnatoy/data/ggal/ggal_1_48850000_49020000.bed.gff
reads : /home/bedro/.nextflow/assets/nextflow-io/rnatoy/data/ggal/*_{1,2}.fq
outdir: results

Mar-21 11:51:05.693 [PathVisitor-1] DEBUG nextflow.file.PathVisitor - files for syntax: glob; folder: /home/bedro/.nextflow/assets/nextflow-io/rnatoy/data/ggal/; pattern: *_{1,2}.fq; options: [:]
Mar-21 11:51:05.832 [main] DEBUG nextflow.processor.ProcessFactory - << taskConfig executor: null
Mar-21 11:51:05.832 [main] DEBUG nextflow.processor.ProcessFactory - >> processorType: 'local'
Mar-21 11:51:05.837 [main] DEBUG nextflow.executor.Executor - Initializing executor: local
Mar-21 11:51:05.839 [main] INFO  nextflow.executor.Executor - [warm up] executor > local
Mar-21 11:51:05.842 [main] DEBUG n.processor.LocalPollingMonitor - Creating local task monitor for executor 'local' > cpus=4; memory=7.7 GB; capacity=4; pollInterval=100ms; dumpInterval=5m
Mar-21 11:51:05.844 [main] DEBUG nextflow.processor.TaskDispatcher - Starting monitor: LocalPollingMonitor
Mar-21 11:51:05.845 [main] DEBUG n.processor.TaskPollingMonitor - >>> barrier register (monitor: local)
Mar-21 11:51:05.846 [main] DEBUG nextflow.executor.Executor - Invoke register for executor: local
Mar-21 11:51:05.872 [main] DEBUG nextflow.Session - >>> barrier register (process: buildIndex)
Mar-21 11:51:05.875 [main] DEBUG nextflow.processor.TaskProcessor - Creating operator > buildIndex -- maxForks: 4
Mar-21 11:51:05.925 [main] DEBUG nextflow.processor.ProcessFactory - << taskConfig executor: null
Mar-21 11:51:05.925 [main] DEBUG nextflow.processor.ProcessFactory - >> processorType: 'local'
Mar-21 11:51:05.925 [main] DEBUG nextflow.executor.Executor - Initializing executor: local
Mar-21 11:51:05.927 [main] DEBUG nextflow.Session - >>> barrier register (process: mapping)
Mar-21 11:51:05.928 [main] DEBUG nextflow.processor.TaskProcessor - Creating operator > mapping -- maxForks: 4
Mar-21 11:51:05.959 [main] DEBUG nextflow.processor.ProcessFactory - << taskConfig executor: null
Mar-21 11:51:05.959 [main] DEBUG nextflow.processor.ProcessFactory - >> processorType: 'local'
Mar-21 11:51:05.959 [main] DEBUG nextflow.executor.Executor - Initializing executor: local
Mar-21 11:51:05.960 [main] DEBUG nextflow.Session - >>> barrier register (process: makeTranscript)
Mar-21 11:51:05.960 [main] DEBUG nextflow.processor.TaskProcessor - Creating operator > makeTranscript -- maxForks: 4
Mar-21 11:51:05.966 [main] DEBUG nextflow.script.ScriptRunner - > Await termination 
Mar-21 11:51:05.966 [main] DEBUG nextflow.Session - Session await
Mar-21 11:51:06.033 [Task submitter] DEBUG nextflow.executor.LocalTaskHandler - Launch cmd line: /bin/bash -ue .command.run
Mar-21 11:51:06.041 [Task submitter] INFO  nextflow.Session - [8c/0d3397] Submitted process > buildIndex (ggal_1_48850000_49020000.Ggal71.500bpflank)
Mar-21 11:51:23.503 [Task monitor] DEBUG n.processor.TaskPollingMonitor - Task completed > TaskHandler[id: 1; name: buildIndex (ggal_1_48850000_49020000.Ggal71.500bpflank); status: COMPLETED; exit: 0; error: -; workDir: /home/bedro/Documents/Nextflow_test/work/8c/0d3397240f7e320e5ded03fd224efa]
Mar-21 11:51:23.528 [Actor Thread 6] DEBUG nextflow.Session - <<< barrier arrive (process: buildIndex)
Mar-21 11:51:23.558 [Task submitter] DEBUG nextflow.executor.LocalTaskHandler - Launch cmd line: /bin/bash -ue .command.run
Mar-21 11:51:23.567 [Task submitter] INFO  nextflow.Session - [eb/0f9149] Submitted process > mapping (ggal_liver)
Mar-21 11:51:23.580 [Task submitter] DEBUG nextflow.executor.LocalTaskHandler - Launch cmd line: /bin/bash -ue .command.run
Mar-21 11:51:23.581 [Task submitter] INFO  nextflow.Session - [bc/5500fc] Submitted process > mapping (ggal_gut)
Mar-21 11:51:31.368 [Task monitor] DEBUG n.processor.TaskPollingMonitor - Task completed > TaskHandler[id: 3; name: mapping (ggal_gut); status: COMPLETED; exit: 0; error: -; workDir: /home/bedro/Documents/Nextflow_test/work/bc/5500fcb5457d36812a418257f573b5]
Mar-21 11:51:31.394 [Task submitter] DEBUG nextflow.executor.LocalTaskHandler - Launch cmd line: /bin/bash -ue .command.run
Mar-21 11:51:31.394 [Task submitter] INFO  nextflow.Session - [bb/a1d428] Submitted process > makeTranscript (ggal_gut)
Mar-21 11:51:31.478 [Task monitor] DEBUG n.processor.TaskPollingMonitor - Task completed > TaskHandler[id: 2; name: mapping (ggal_liver); status: COMPLETED; exit: 0; error: -; workDir: /home/bedro/Documents/Nextflow_test/work/eb/0f914974eb0dc98e712390316760af]
Mar-21 11:51:31.480 [Actor Thread 6] DEBUG nextflow.Session - <<< barrier arrive (process: mapping)
Mar-21 11:51:31.500 [Task submitter] DEBUG nextflow.executor.LocalTaskHandler - Launch cmd line: /bin/bash -ue .command.run
Mar-21 11:51:31.503 [Task submitter] INFO  nextflow.Session - [77/439332] Submitted process > makeTranscript (ggal_liver)
Mar-21 11:51:32.623 [Task monitor] DEBUG n.processor.TaskPollingMonitor - Task completed > TaskHandler[id: 4; name: makeTranscript (ggal_gut); status: COMPLETED; exit: 0; error: -; workDir: /home/bedro/Documents/Nextflow_test/work/bb/a1d4286559daa7ac3d5e76aba87ae2]
Mar-21 11:51:32.731 [Task monitor] DEBUG n.processor.TaskPollingMonitor - Task completed > TaskHandler[id: 5; name: makeTranscript (ggal_liver); status: COMPLETED; exit: 0; error: -; workDir: /home/bedro/Documents/Nextflow_test/work/77/439332eed61ac5f77b9bf9f8e95684]
Mar-21 11:51:32.735 [Actor Thread 3] DEBUG nextflow.Session - <<< barrier arrive (process: makeTranscript)
Mar-21 11:51:32.735 [main] DEBUG nextflow.Session - Session await > all process finished
Mar-21 11:51:32.736 [Task monitor] DEBUG n.processor.TaskPollingMonitor - <<< barrier arrives (monitor: local)
Mar-21 11:51:32.736 [main] DEBUG nextflow.Session - Session await > all barriers passed
Mar-21 11:51:32.754 [main] DEBUG nextflow.trace.StatsObserver - Workflow completed > WorkflowStats[succeedCount=5; failedCount=0; ignoredCount=0; cachedCount=0; succeedDuration=35.3s; failedDuration=0ms; cachedDuration=0ms]
Mar-21 11:51:32.774 [main] DEBUG nextflow.CacheDB - Closing CacheDB done
Mar-21 11:51:32.779 [main] DEBUG nextflow.script.ScriptRunner - > Execution complete -- Goodbye
