
[2019-03-21 10:51:24] Beginning TopHat run (v2.1.0)
-----------------------------------------------
[2019-03-21 10:51:24] Checking for Bowtie
		  Bowtie version:	 2.2.7.0
[2019-03-21 10:51:25] Checking for Bowtie index files (genome)..
[2019-03-21 10:51:25] Checking for reference FASTA file
	Warning: Could not find FASTA file genome.index.fa
[2019-03-21 10:51:25] Reconstituting reference FASTA file from Bowtie index
  Executing: /opt/bowtie/bowtie2-inspect genome.index > ./tophat_out/tmp/genome.index.fa
[2019-03-21 10:51:25] Generating SAM header for genome.index
[2019-03-21 10:51:25] Reading known junctions from GTF file
[2019-03-21 10:51:25] Preparing reads
	 left reads: min. length=44, max. length=105, 2933 kept reads (4 discarded)
	right reads: min. length=105, max. length=105, 2933 kept reads (4 discarded)
[2019-03-21 10:51:25] Building transcriptome data files ./tophat_out/tmp/ggal_1_48850000_49020000.bed
[2019-03-21 10:51:25] Building Bowtie index from ggal_1_48850000_49020000.bed.fa
[2019-03-21 10:51:25] Mapping left_kept_reads to transcriptome ggal_1_48850000_49020000.bed with Bowtie2 
[2019-03-21 10:51:25] Mapping right_kept_reads to transcriptome ggal_1_48850000_49020000.bed with Bowtie2 
[2019-03-21 10:51:26] Resuming TopHat pipeline with unmapped reads
[2019-03-21 10:51:26] Mapping left_kept_reads.m2g_um to genome genome.index with Bowtie2 
[2019-03-21 10:51:27] Mapping left_kept_reads.m2g_um_seg1 to genome genome.index with Bowtie2 (1/4)
[2019-03-21 10:51:27] Mapping left_kept_reads.m2g_um_seg2 to genome genome.index with Bowtie2 (2/4)
[2019-03-21 10:51:27] Mapping left_kept_reads.m2g_um_seg3 to genome genome.index with Bowtie2 (3/4)
[2019-03-21 10:51:27] Mapping left_kept_reads.m2g_um_seg4 to genome genome.index with Bowtie2 (4/4)
[2019-03-21 10:51:28] Mapping right_kept_reads.m2g_um to genome genome.index with Bowtie2 
[2019-03-21 10:51:29] Mapping right_kept_reads.m2g_um_seg1 to genome genome.index with Bowtie2 (1/4)
[2019-03-21 10:51:29] Mapping right_kept_reads.m2g_um_seg2 to genome genome.index with Bowtie2 (2/4)
[2019-03-21 10:51:29] Mapping right_kept_reads.m2g_um_seg3 to genome genome.index with Bowtie2 (3/4)
[2019-03-21 10:51:29] Mapping right_kept_reads.m2g_um_seg4 to genome genome.index with Bowtie2 (4/4)
[2019-03-21 10:51:29] Searching for junctions via segment mapping
[2019-03-21 10:51:30] Retrieving sequences for splices
[2019-03-21 10:51:30] Indexing splices
Building a SMALL index
[2019-03-21 10:51:30] Mapping left_kept_reads.m2g_um_seg1 to genome segment_juncs with Bowtie2 (1/4)
[2019-03-21 10:51:30] Mapping left_kept_reads.m2g_um_seg2 to genome segment_juncs with Bowtie2 (2/4)
[2019-03-21 10:51:30] Mapping left_kept_reads.m2g_um_seg3 to genome segment_juncs with Bowtie2 (3/4)
[2019-03-21 10:51:30] Mapping left_kept_reads.m2g_um_seg4 to genome segment_juncs with Bowtie2 (4/4)
[2019-03-21 10:51:30] Joining segment hits
[2019-03-21 10:51:30] Mapping right_kept_reads.m2g_um_seg1 to genome segment_juncs with Bowtie2 (1/4)
[2019-03-21 10:51:30] Mapping right_kept_reads.m2g_um_seg2 to genome segment_juncs with Bowtie2 (2/4)
[2019-03-21 10:51:30] Mapping right_kept_reads.m2g_um_seg3 to genome segment_juncs with Bowtie2 (3/4)
[2019-03-21 10:51:30] Mapping right_kept_reads.m2g_um_seg4 to genome segment_juncs with Bowtie2 (4/4)
[2019-03-21 10:51:30] Joining segment hits
[2019-03-21 10:51:30] Reporting output tracks
-----------------------------------------------
[2019-03-21 10:51:30] A summary of the alignment counts can be found in ./tophat_out/align_summary.txt
[2019-03-21 10:51:30] Run complete: 00:00:06 elapsed
